[2019-12-27 16:26:52,217]-ERROR: test_01__ page_view埋点异常 line48
[2019-12-27 16:28:16,137]-ERROR: test_01__ home_open埋点异常 line39
[2019-12-27 16:28:16,453]-ERROR: test_01__ device_opened埋点异常 line57
[2019-12-27 16:28:16,463]-ERROR: test_01__ app_serial_id不存在！ line78
[2019-12-27 16:28:16,624]-ERROR: test_01__ is_open_push埋点异常 line89
[2019-12-27 16:28:16,635]-ERROR: test_01__ android_device_id不存在！ line96
[2019-12-27 16:28:16,775]-ERROR: test_01__ urban_geographical_location埋点异常 line104
[2019-12-27 16:29:39,033]-ERROR: test_01__ page_view埋点异常 line44
[2019-12-27 16:31:21,316]-ERROR: test_01__ on_click_navbar_search埋点异常 line41
[2019-12-27 16:32:47,377]-ERROR: test_01__ 美购首页page_view埋点异常 line49
[2019-12-27 16:34:23,090]-ERROR: test_01__ welfare_home_click_section埋点异常 line41
[2019-12-27 16:34:23,108]-ERROR: test_01__ 美购品类聚合page_view埋点异常 line58
[2019-12-27 16:36:16,540]-ERROR: test_01__ 搜索search_result_open埋点异常 line48
[2019-12-27 16:36:16,569]-ERROR: test_01__ 搜索do_search埋点异常 line58
[2019-12-27 16:38:06,724]-ERROR: testbuild__ 搜索search_result_open埋点异常 line46
[2019-12-27 16:38:06,748]-ERROR: testbuild__ 搜索do_search埋点异常 line56
[2019-12-27 16:39:51,278]-ERROR: test_01__ 搜索search_result_open埋点异常 line45
[2019-12-27 16:39:51,304]-ERROR: test_01__ 搜索do_search埋点异常 line55
[2019-12-27 16:41:36,124]-ERROR: test_01__ 搜索search_result_open埋点异常 line45
[2019-12-27 16:41:36,191]-ERROR: test_01__ 搜索do_search埋点异常 line55
[2019-12-27 16:43:23,777]-ERROR: test_01__ 搜索search_result_open埋点异常 line49
[2019-12-27 16:43:23,799]-ERROR: test_01__ 搜索do_search埋点异常 line59
