[2020-01-17 11:55:10,630]-ERROR: test_01__ page_view埋点异常 line49
[2020-01-17 11:56:24,431]-ERROR: test_01__ page_view埋点异常 line48
[2020-01-17 11:57:24,553]-ERROR: test_01__ home_open埋点异常 line39
[2020-01-17 11:57:25,066]-ERROR: test_01__ device_opened埋点异常 line57
[2020-01-17 11:57:25,269]-ERROR: test_01__ is_open_push埋点异常 line89
[2020-01-17 11:57:25,280]-ERROR: test_01__ android_device_id不存在！ line96
[2020-01-17 11:57:25,428]-ERROR: test_01__ urban_geographical_location埋点异常 line104
[2020-01-17 11:58:19,708]-ERROR: test_01__ page_view埋点异常 line44
[2020-01-17 12:00:12,633]-ERROR: test_01__ 美购首页page_view埋点异常 line49
[2020-01-17 12:01:37,104]-ERROR: test_01__ welfare_home_click_section埋点异常 line41
[2020-01-17 12:01:37,147]-ERROR: test_01__ 美购品类聚合page_view埋点异常 line58
[2020-01-17 12:03:23,676]-ERROR: test_01__ 搜索search_result_open埋点异常 line48
[2020-01-17 12:03:23,711]-ERROR: test_01__ 搜索do_search埋点异常 line58
[2020-01-17 12:04:47,867]-ERROR: testbuild__ 搜索search_result_open埋点异常 line46
[2020-01-17 12:04:47,908]-ERROR: testbuild__ 搜索do_search埋点异常 line56
[2020-01-17 12:06:21,011]-ERROR: test_01__ 搜索search_result_open埋点异常 line45
[2020-01-17 12:06:21,050]-ERROR: test_01__ 搜索do_search埋点异常 line55
[2020-01-17 12:07:48,402]-ERROR: test_01__ 搜索search_result_open埋点异常 line45
[2020-01-17 12:07:48,436]-ERROR: test_01__ 搜索do_search埋点异常 line55
[2020-01-17 12:10:20,156]-ERROR: test_01__ 搜索search_result_open埋点异常 line49
[2020-01-17 12:10:20,206]-ERROR: test_01__ 搜索do_search埋点异常 line59
